# JRE version: Java(TM) SE Runtime Environment (8.0_202-b08) (build 1.8.0_202-b08)
# Java VM: Java HotSpot(TM) 64-Bit Server VM (25.202-b08 mixed mode windows-amd64 compressed oops)
Heap:
 PSYoungGen      total 43520K, used 32498K [0x00000000f0180000, 0x00000000f3300000, 0x0000000100000000)
  eden space 37376K, 72% used [0x00000000f0180000,0x00000000f1bf20e0,0x00000000f2600000)
  from space 6144K, 88% used [0x00000000f2c80000,0x00000000f31ca878,0x00000000f3280000)
  to   space 6656K, 0% used [0x00000000f2600000,0x00000000f2600000,0x00000000f2c80000)
 ParOldGen       total 31744K, used 13091K [0x00000000d0400000, 0x00000000d2300000, 0x00000000f0180000)
  object space 31744K, 41% used [0x00000000d0400000,0x00000000d10c8f60,0x00000000d2300000)
 Metaspace       used 26596K, capacity 27026K, committed 27264K, reserved 1073152K
  class space    used 3203K, capacity 3332K, committed 3456K, reserved 1048576K
GC Heap History (10 events):
Event: 6.091 GC heap before
{Heap before GC invocations=3 (full 0):
 PSYoungGen      total 14336K, used 14320K [0x00000000f0180000, 0x00000000f1d80000, 0x0000000100000000)
  eden space 12288K, 100% used [0x00000000f0180000,0x00000000f0d80000,0x00000000f0d80000)
  from space 2048K, 99% used [0x00000000f1b80000,0x00000000f1d7c020,0x00000000f1d80000)
  to   space 2048K, 0% used [0x00000000f0d80000,0x00000000f0d80000,0x00000000f0f80000)
 ParOldGen       total 32768K, used 5452K [0x00000000d0400000, 0x00000000d2400000, 0x00000000f0180000)
  object space 32768K, 16% used [0x00000000d0400000,0x00000000d0953358,0x00000000d2400000)
 Metaspace       used 19559K, capacity 19886K, committed 20224K, reserved 1067008K
  class space    used 2339K, capacity 2443K, committed 2560K, reserved 1048576K
Event: 6.098 GC heap after
Heap after GC invocations=3 (full 0):
 PSYoungGen      total 14336K, used 2032K [0x00000000f0180000, 0x00000000f1c00000, 0x0000000100000000)
  eden space 12288K, 0% used [0x00000000f0180000,0x00000000f0180000,0x00000000f0d80000)
  from space 2048K, 99% used [0x00000000f0d80000,0x00000000f0f7c040,0x00000000f0f80000)
  to   space 2048K, 0% used [0x00000000f1a00000,0x00000000f1a00000,0x00000000f1c00000)
 ParOldGen       total 32768K, used 7737K [0x00000000d0400000, 0x00000000d2400000, 0x00000000f0180000)
  object space 32768K, 23% used [0x00000000d0400000,0x00000000d0b8e480,0x00000000d2400000)
 Metaspace       used 19559K, capacity 19886K, committed 20224K, reserved 1067008K
  class space    used 2339K, capacity 2443K, committed 2560K, reserved 1048576K
}
Event: 6.209 GC heap before
{Heap before GC invocations=4 (full 0):
 PSYoungGen      total 14336K, used 5683K [0x00000000f0180000, 0x00000000f1c00000, 0x0000000100000000)
  eden space 12288K, 29% used [0x00000000f0180000,0x00000000f0510df8,0x00000000f0d80000)
  from space 2048K, 99% used [0x00000000f0d80000,0x00000000f0f7c040,0x00000000f0f80000)
  to   space 2048K, 0% used [0x00000000f1a00000,0x00000000f1a00000,0x00000000f1c00000)
 ParOldGen       total 32768K, used 7737K [0x00000000d0400000, 0x00000000d2400000, 0x00000000f0180000)
  object space 32768K, 23% used [0x00000000d0400000,0x00000000d0b8e480,0x00000000d2400000)
 Metaspace       used 20853K, capacity 21140K, committed 21296K, reserved 1069056K
  class space    used 2517K, capacity 2604K, committed 2688K, reserved 1048576K
Event: 6.215 GC heap after
Heap after GC invocations=4 (full 0):
 PSYoungGen      total 25088K, used 2016K [0x00000000f0180000, 0x00000000f1d80000, 0x0000000100000000)
  eden space 23040K, 0% used [0x00000000f0180000,0x00000000f0180000,0x00000000f1800000)
  from space 2048K, 98% used [0x00000000f1a00000,0x00000000f1bf8030,0x00000000f1c00000)
  to   space 2048K, 0% used [0x00000000f1800000,0x00000000f1800000,0x00000000f1a00000)
 ParOldGen       total 32768K, used 8524K [0x00000000d0400000, 0x00000000d2400000, 0x00000000f0180000)
  object space 32768K, 26% used [0x00000000d0400000,0x00000000d0c53208,0x00000000d2400000)
 Metaspace       used 20853K, capacity 21140K, committed 21296K, reserved 1069056K
  class space    used 2517K, capacity 2604K, committed 2688K, reserved 1048576K
}
Event: 6.215 GC heap before
{Heap before GC invocations=5 (full 1):
 PSYoungGen      total 25088K, used 2016K [0x00000000f0180000, 0x00000000f1d80000, 0x0000000100000000)
  eden space 23040K, 0% used [0x00000000f0180000,0x00000000f0180000,0x00000000f1800000)
  from space 2048K, 98% used [0x00000000f1a00000,0x00000000f1bf8030,0x00000000f1c00000)
  to   space 2048K, 0% used [0x00000000f1800000,0x00000000f1800000,0x00000000f1a00000)
 ParOldGen       total 32768K, used 8524K [0x00000000d0400000, 0x00000000d2400000, 0x00000000f0180000)
  object space 32768K, 26% used [0x00000000d0400000,0x00000000d0c53208,0x00000000d2400000)
 Metaspace       used 20853K, capacity 21140K, committed 21296K, reserved 1069056K
  class space    used 2517K, capacity 2604K, committed 2688K, reserved 1048576K
Event: 6.277 GC heap after
Heap after GC invocations=5 (full 1):
 PSYoungGen      total 25088K, used 0K [0x00000000f0180000, 0x00000000f1d80000, 0x0000000100000000)
  eden space 23040K, 0% used [0x00000000f0180000,0x00000000f0180000,0x00000000f1800000)
  from space 2048K, 0% used [0x00000000f1a00000,0x00000000f1a00000,0x00000000f1c00000)
  to   space 2048K, 0% used [0x00000000f1800000,0x00000000f1800000,0x00000000f1a00000)
 ParOldGen       total 31744K, used 10209K [0x00000000d0400000, 0x00000000d2300000, 0x00000000f0180000)
  object space 31744K, 32% used [0x00000000d0400000,0x00000000d0df8430,0x00000000d2300000)
 Metaspace       used 20853K, capacity 21140K, committed 21296K, reserved 1069056K
  class space    used 2517K, capacity 2604K, committed 2688K, reserved 1048576K
}
Event: 7.505 GC heap before
{Heap before GC invocations=6 (full 1):
 PSYoungGen      total 25088K, used 23040K [0x00000000f0180000, 0x00000000f1d80000, 0x0000000100000000)
  eden space 23040K, 100% used [0x00000000f0180000,0x00000000f1800000,0x00000000f1800000)
  from space 2048K, 0% used [0x00000000f1a00000,0x00000000f1a00000,0x00000000f1c00000)
  to   space 2048K, 0% used [0x00000000f1800000,0x00000000f1800000,0x00000000f1a00000)
 ParOldGen       total 31744K, used 10209K [0x00000000d0400000, 0x00000000d2300000, 0x00000000f0180000)
  object space 31744K, 32% used [0x00000000d0400000,0x00000000d0df8430,0x00000000d2300000)
 Metaspace       used 25894K, capacity 26264K, committed 26624K, reserved 1073152K
  class space    used 3167K, capacity 3285K, committed 3328K, reserved 1048576K
Event: 7.530 GC heap after
Heap after GC invocations=6 (full 1):
 PSYoungGen      total 25088K, used 2018K [0x00000000f0180000, 0x00000000f3280000, 0x0000000100000000)
  eden space 23040K, 0% used [0x00000000f0180000,0x00000000f0180000,0x00000000f1800000)
  from space 2048K, 98% used [0x00000000f1800000,0x00000000f19f89b0,0x00000000f1a00000)
  to   space 6144K, 0% used [0x00000000f2c80000,0x00000000f2c80000,0x00000000f3280000)
 ParOldGen       total 31744K, used 13083K [0x00000000d0400000, 0x00000000d2300000, 0x00000000f0180000)
  object space 31744K, 41% used [0x00000000d0400000,0x00000000d10c6f60,0x00000000d2300000)
 Metaspace       used 25894K, capacity 26264K, committed 26624K, reserved 1073152K
  class space    used 3167K, capacity 3285K, committed 3328K, reserved 1048576K
}
Event: 18.446 GC heap before
{Heap before GC invocations=7 (full 1):
 PSYoungGen      total 25088K, used 24974K [0x00000000f0180000, 0x00000000f3280000, 0x0000000100000000)
  eden space 23040K, 99% used [0x00000000f0180000,0x00000000f17eafc8,0x00000000f1800000)
  from space 2048K, 98% used [0x00000000f1800000,0x00000000f19f89b0,0x00000000f1a00000)
  to   space 6144K, 0% used [0x00000000f2c80000,0x00000000f2c80000,0x00000000f3280000)
 ParOldGen       total 31744K, used 13083K [0x00000000d0400000, 0x00000000d2300000, 0x00000000f0180000)
  object space 31744K, 41% used [0x00000000d0400000,0x00000000d10c6f60,0x00000000d2300000)
 Metaspace       used 26533K, capacity 26938K, committed 27136K, reserved 1073152K
  class space    used 3198K, capacity 3328K, committed 3328K, reserved 1048576K
Event: 18.594 GC heap after
Heap after GC invocations=7 (full 1):
 PSYoungGen      total 43520K, used 5418K [0x00000000f0180000, 0x00000000f3300000, 0x0000000100000000)
  eden space 37376K, 0% used [0x00000000f0180000,0x00000000f0180000,0x00000000f2600000)
  from space 6144K, 88% used [0x00000000f2c80000,0x00000000f31ca878,0x00000000f3280000)
  to   space 6656K, 0% used [0x00000000f2600000,0x00000000f2600000,0x00000000f2c80000)
 ParOldGen       total 31744K, used 13091K [0x00000000d0400000, 0x00000000d2300000, 0x00000000f0180000)
  object space 31744K, 41% used [0x00000000d0400000,0x00000000d10c8f60,0x00000000d2300000)
 Metaspace       used 26533K, capacity 26938K, committed 27136K, reserved 1073152K
  class space    used 3198K, capacity 3328K, committed 3328K, reserved 1048576K
}

